<?xml version="1.0" encoding="UTF-8"?>
<!-- Generated by org.testng.reporters.JUnitXMLReporter -->
<testsuite hostname="LAPTOP-EQLN7PL4" name="Test" tests="1" failures="1" timestamp="15 Oct 2021 20:06:50 GMT" time="2.25" errors="0">
  <testcase name="getLogin" time="2.063" classname="com.StepDefination.LoginPageStpD">
    <failure type="org.openqa.selenium.SessionNotCreatedException" message="session not created: This version of ChromeDriver only supports Chrome version 92
Current browser version is 94.0.4606.81 with binary path C:\Program Files\Google\Chrome\Application\chrome.exe
Build info: version: &amp;apos;3.141.59&amp;apos;, revision: &amp;apos;e82be7d358&amp;apos;, time: &amp;apos;2018-11-14T08:17:03&amp;apos;
System info: host: &amp;apos;LAPTOP-EQLN7PL4&amp;apos;, ip: &amp;apos;192.168.1.104&amp;apos;, os.name: &amp;apos;Windows 10&amp;apos;, os.arch: &amp;apos;amd64&amp;apos;, os.version: &amp;apos;10.0&amp;apos;, java.version: &amp;apos;1.8.0_281&amp;apos;
Driver info: driver.version: ChromeDriver
remote stacktrace: Backtrace:
	Ordinal0 [0x00942A33+2501171]
	Ordinal0 [0x008DD1C1+2085313]
	Ordinal0 [0x007E1FA8+1056680]
	Ordinal0 [0x0080020A+1180170]
	Ordinal0 [0x007FC125+1163557]
	Ordinal0 [0x007F997F+1153407]
	Ordinal0 [0x0082999F+1350047]
	Ordinal0 [0x0082960A+1349130]
	Ordinal0 [0x0082551B+1332507]
	Ordinal0 [0x00801D74+1187188]
	Ordinal0 [0x00802BD9+1190873]
	GetHandleVerifier [0x00ABEFE6+1504438]
	GetHandleVerifier [0x00B6DDA5+2220661]
	GetHandleVerifier [0x009C5589+481881]
	GetHandleVerifier [0x009C4639+477961]
	Ordinal0 [0x008E28BD+2107581]
	Ordinal0 [0x008E6728+2123560]
	Ordinal0 [0x008E6862+2123874]
	Ordinal0 [0x008EFA81+2161281]
	BaseThreadInitThunk [0x76FCFA29+25]
	RtlGetAppContainerNamedObjectPath [0x774E7A9E+286]
	RtlGetAppContainerNamedObjectPath [0x774E7A6E+238]
">
      <![CDATA[org.openqa.selenium.SessionNotCreatedException: session not created: This version of ChromeDriver only supports Chrome version 92
Current browser version is 94.0.4606.81 with binary path C:\Program Files\Google\Chrome\Application\chrome.exe
Build info: version: '3.141.59', revision: 'e82be7d358', time: '2018-11-14T08:17:03'
System info: host: 'LAPTOP-EQLN7PL4', ip: '192.168.1.104', os.name: 'Windows 10', os.arch: 'amd64', os.version: '10.0', java.version: '1.8.0_281'
Driver info: driver.version: ChromeDriver
remote stacktrace: Backtrace:
	Ordinal0 [0x00942A33+2501171]
	Ordinal0 [0x008DD1C1+2085313]
	Ordinal0 [0x007E1FA8+1056680]
	Ordinal0 [0x0080020A+1180170]
	Ordinal0 [0x007FC125+1163557]
	Ordinal0 [0x007F997F+1153407]
	Ordinal0 [0x0082999F+1350047]
	Ordinal0 [0x0082960A+1349130]
	Ordinal0 [0x0082551B+1332507]
	Ordinal0 [0x00801D74+1187188]
	Ordinal0 [0x00802BD9+1190873]
	GetHandleVerifier [0x00ABEFE6+1504438]
	GetHandleVerifier [0x00B6DDA5+2220661]
	GetHandleVerifier [0x009C5589+481881]
	GetHandleVerifier [0x009C4639+477961]
	Ordinal0 [0x008E28BD+2107581]
	Ordinal0 [0x008E6728+2123560]
	Ordinal0 [0x008E6862+2123874]
	Ordinal0 [0x008EFA81+2161281]
	BaseThreadInitThunk [0x76FCFA29+25]
	RtlGetAppContainerNamedObjectPath [0x774E7A9E+286]
	RtlGetAppContainerNamedObjectPath [0x774E7A6E+238]

	at org.openqa.selenium.remote.W3CHandshakeResponse.lambda$errorHandler$0(W3CHandshakeResponse.java:62)
	at org.openqa.selenium.remote.HandshakeResponse.lambda$getResponseFunction$0(HandshakeResponse.java:30)
	at org.openqa.selenium.remote.ProtocolHandshake.lambda$createSession$0(ProtocolHandshake.java:126)
	at java.util.stream.ReferencePipeline$3$1.accept(Unknown Source)
	at java.util.Spliterators$ArraySpliterator.tryAdvance(Unknown Source)
	at java.util.stream.ReferencePipeline.forEachWithCancel(Unknown Source)
	at java.util.stream.AbstractPipeline.copyIntoWithCancel(Unknown Source)
	at java.util.stream.AbstractPipeline.copyInto(Unknown Source)
	at java.util.stream.AbstractPipeline.wrapAndCopyInto(Unknown Source)
	at java.util.stream.FindOps$FindOp.evaluateSequential(Unknown Source)
	at java.util.stream.AbstractPipeline.evaluate(Unknown Source)
	at java.util.stream.ReferencePipeline.findFirst(Unknown Source)
	at org.openqa.selenium.remote.ProtocolHandshake.createSession(ProtocolHandshake.java:128)
	at org.openqa.selenium.remote.ProtocolHandshake.createSession(ProtocolHandshake.java:74)
	at org.openqa.selenium.remote.HttpCommandExecutor.execute(HttpCommandExecutor.java:136)
	at org.openqa.selenium.remote.service.DriverCommandExecutor.execute(DriverCommandExecutor.java:83)
	at org.openqa.selenium.remote.RemoteWebDriver.execute(RemoteWebDriver.java:552)
	at org.openqa.selenium.remote.RemoteWebDriver.startSession(RemoteWebDriver.java:213)
	at org.openqa.selenium.remote.RemoteWebDriver.<init>(RemoteWebDriver.java:131)
	at org.openqa.selenium.chrome.ChromeDriver.<init>(ChromeDriver.java:181)
	at org.openqa.selenium.chrome.ChromeDriver.<init>(ChromeDriver.java:168)
	at org.openqa.selenium.chrome.ChromeDriver.<init>(ChromeDriver.java:123)
	at com.Utilities.IteractableWebUtils.setUp(IteractableWebUtils.java:35)
	at com.StepDefination.LoginPageStpD.getLogin(LoginPageStpD.java:16)
... Removed 29 stack frames]]>
    </failure>
  </testcase> <!-- getLogin -->
</testsuite> <!-- Test -->
